<?xml version="1.0" encoding="UTF-8"?>
<testsuite xmlns:xsi="http://www.w3.org/2001/XMLSchema-instance" xsi:noNamespaceSchemaLocation="https://maven.apache.org/surefire/maven-surefire-plugin/xsd/surefire-test-report.xsd" name="io.sim.AppTest" time="0.015" tests="0" errors="0" skipped="0" failures="0">
  <properties>
    <property name="java.specification.version" value="21"/>
    <property name="sun.cpu.isalist" value="amd64"/>
    <property name="sun.jnu.encoding" value="Cp1252"/>
    <property name="java.class.path" value="B:\UFLA\Matérias\Matérias_2023_02_FINAL\Automação Avançada\sim\target\test-classes;B:\UFLA\Matérias\Matérias_2023_02_FINAL\Automação Avançada\sim\target\classes;C:\Users\maxna\.m2\repository\org\slf4j\slf4j-api\2.0.7\slf4j-api-2.0.7.jar;C:\Users\maxna\.m2\repository\xerces\xercesImpl\2.12.2\xercesImpl-2.12.2.jar;C:\Users\maxna\.m2\repository\xml-apis\xml-apis\1.4.01\xml-apis-1.4.01.jar;C:\Users\maxna\.m2\repository\org\hamcrest\hamcrest-core\1.3\hamcrest-core-1.3.jar;C:\Users\maxna\.m2\repository\junit\junit\junit\junit-junit.jar;C:\Users\maxna\.m2\repository\libsumo-1\18\0\libsumo-1.18.0\libsumo-1.18.0\libsumo-1.18.0-libsumo-1.18.0.jar;C:\Users\maxna\.m2\repository\libsumo-1\18\0-sources\libsumo-1.18.0-sources\libsumo-1.18.0-sources\libsumo-1.18.0-sources-libsumo-1.18.0-sources.jar;C:\Users\maxna\.m2\repository\libtraci-1\18\0\libtraci-1.18.0\libtraci-1.18.0\libtraci-1.18.0-libtraci-1.18.0.jar;C:\Users\maxna\.m2\repository\lisum-core\lisum-core\lisum-core\lisum-core-lisum-core.jar;C:\Users\maxna\.m2\repository\lisum-gui\lisum-gui\lisum-gui\lisum-gui-lisum-gui.jar;C:\Users\maxna\.m2\repository\TraaS\TraaS\TraaS\TraaS-TraaS.jar;C:\Users\maxna\.m2\repository\org\python\jython-slim\2.7.3\jython-slim-2.7.3.jar;C:\Users\maxna\.m2\repository\org\antlr\antlr\3.5.2\antlr-3.5.2.jar;C:\Users\maxna\.m2\repository\org\antlr\ST4\4.0.8\ST4-4.0.8.jar;C:\Users\maxna\.m2\repository\javax\servlet\javax.servlet-api\3.1.0\javax.servlet-api-3.1.0.jar;C:\Users\maxna\.m2\repository\org\antlr\antlr-runtime\3.5.2\antlr-runtime-3.5.2.jar;C:\Users\maxna\.m2\repository\org\apache\commons\commons-compress\1.21\commons-compress-1.21.jar;C:\Users\maxna\.m2\repository\org\bouncycastle\bcpkix-jdk18on\1.71\bcpkix-jdk18on-1.71.jar;C:\Users\maxna\.m2\repository\org\bouncycastle\bcutil-jdk18on\1.71\bcutil-jdk18on-1.71.jar;C:\Users\maxna\.m2\repository\org\bouncycastle\bcprov-jdk18on\1.71\bcprov-jdk18on-1.71.jar;C:\Users\maxna\.m2\repository\org\ow2\asm\asm\9.3\asm-9.3.jar;C:\Users\maxna\.m2\repository\org\ow2\asm\asm-commons\9.3\asm-commons-9.3.jar;C:\Users\maxna\.m2\repository\org\ow2\asm\asm-tree\9.3\asm-tree-9.3.jar;C:\Users\maxna\.m2\repository\org\ow2\asm\asm-analysis\9.3\asm-analysis-9.3.jar;C:\Users\maxna\.m2\repository\org\ow2\asm\asm-util\9.3\asm-util-9.3.jar;C:\Users\maxna\.m2\repository\com\google\guava\guava\31.0.1-jre\guava-31.0.1-jre.jar;C:\Users\maxna\.m2\repository\com\google\guava\failureaccess\1.0.1\failureaccess-1.0.1.jar;C:\Users\maxna\.m2\repository\com\google\guava\listenablefuture\9999.0-empty-to-avoid-conflict-with-guava\listenablefuture-9999.0-empty-to-avoid-conflict-with-guava.jar;C:\Users\maxna\.m2\repository\com\google\code\findbugs\jsr305\3.0.2\jsr305-3.0.2.jar;C:\Users\maxna\.m2\repository\org\checkerframework\checker-qual\3.12.0\checker-qual-3.12.0.jar;C:\Users\maxna\.m2\repository\com\google\errorprone\error_prone_annotations\2.7.1\error_prone_annotations-2.7.1.jar;C:\Users\maxna\.m2\repository\com\google\j2objc\j2objc-annotations\1.3\j2objc-annotations-1.3.jar;C:\Users\maxna\.m2\repository\com\ibm\icu\icu4j\71.1\icu4j-71.1.jar;C:\Users\maxna\.m2\repository\com\carrotsearch\java-sizeof\0.0.5\java-sizeof-0.0.5.jar;C:\Users\maxna\.m2\repository\com\github\jnr\jffi\1.3.9\jffi-1.3.9.jar;C:\Users\maxna\.m2\repository\com\github\jnr\jnr-constants\0.10.3\jnr-constants-0.10.3.jar;C:\Users\maxna\.m2\repository\com\github\jnr\jnr-ffi\2.2.12\jnr-ffi-2.2.12.jar;C:\Users\maxna\.m2\repository\com\github\jnr\jffi\1.3.9\jffi-1.3.9-native.jar;C:\Users\maxna\.m2\repository\com\github\jnr\jnr-a64asm\1.0.0\jnr-a64asm-1.0.0.jar;C:\Users\maxna\.m2\repository\com\github\jnr\jnr-x86asm\1.0.2\jnr-x86asm-1.0.2.jar;C:\Users\maxna\.m2\repository\com\github\jnr\jnr-netdb\1.2.0\jnr-netdb-1.2.0.jar;C:\Users\maxna\.m2\repository\com\github\jnr\jnr-posix\3.1.15\jnr-posix-3.1.15.jar;C:\Users\maxna\.m2\repository\jline\jline\2.14.5\jline-2.14.5.jar;C:\Users\maxna\.m2\repository\io\netty\netty-buffer\4.1.73.Final\netty-buffer-4.1.73.Final.jar;C:\Users\maxna\.m2\repository\io\netty\netty-codec\4.1.73.Final\netty-codec-4.1.73.Final.jar;C:\Users\maxna\.m2\repository\io\netty\netty-common\4.1.73.Final\netty-common-4.1.73.Final.jar;C:\Users\maxna\.m2\repository\io\netty\netty-handler\4.1.73.Final\netty-handler-4.1.73.Final.jar;C:\Users\maxna\.m2\repository\io\netty\netty-tcnative-classes\2.0.46.Final\netty-tcnative-classes-2.0.46.Final.jar;C:\Users\maxna\.m2\repository\io\netty\netty-resolver\4.1.73.Final\netty-resolver-4.1.73.Final.jar;C:\Users\maxna\.m2\repository\io\netty\netty-transport\4.1.73.Final\netty-transport-4.1.73.Final.jar;C:\Users\maxna\.m2\repository\org\apache\ant\ant\1.10.12\ant-1.10.12.jar;C:\Users\maxna\.m2\repository\org\apache\ant\ant-launcher\1.10.12\ant-launcher-1.10.12.jar;C:\Users\maxna\.m2\repository\com\google\code\gson\gson\2.8.9\gson-2.8.9.jar;C:\Users\maxna\.m2\repository\org\json\json\20231013\json-20231013.jar;C:\Users\maxna\.m2\repository\org\jasypt\jasypt\1.9.3\jasypt-1.9.3.jar;"/>
    <property name="java.vm.vendor" value="Oracle Corporation"/>
    <property name="sun.arch.data.model" value="64"/>
    <property name="user.variant" value=""/>
    <property name="java.vendor.url" value="https://java.oracle.com/"/>
    <property name="user.timezone" value="America/Sao_Paulo"/>
    <property name="os.name" value="Windows 11"/>
    <property name="java.vm.specification.version" value="21"/>
    <property name="sun.java.launcher" value="SUN_STANDARD"/>
    <property name="user.country" value="BR"/>
    <property name="sun.boot.library.path" value="C:\Program Files\Java\jdk-21\bin"/>
    <property name="sun.java.command" value="C:\Users\maxna\AppData\Local\Temp\surefire16674294218270261726\surefirebooter15585190633894889574.jar C:\Users\maxna\AppData\Local\Temp\surefire16674294218270261726 2023-10-18T13-58-47_703-jvmRun1 surefire3011791292293706996tmp surefire_05721094865771326293tmp"/>
    <property name="jdk.debug" value="release"/>
    <property name="surefire.test.class.path" value="B:\UFLA\Matérias\Matérias_2023_02_FINAL\Automação Avançada\sim\target\test-classes;B:\UFLA\Matérias\Matérias_2023_02_FINAL\Automação Avançada\sim\target\classes;C:\Users\maxna\.m2\repository\org\slf4j\slf4j-api\2.0.7\slf4j-api-2.0.7.jar;C:\Users\maxna\.m2\repository\xerces\xercesImpl\2.12.2\xercesImpl-2.12.2.jar;C:\Users\maxna\.m2\repository\xml-apis\xml-apis\1.4.01\xml-apis-1.4.01.jar;C:\Users\maxna\.m2\repository\org\hamcrest\hamcrest-core\1.3\hamcrest-core-1.3.jar;C:\Users\maxna\.m2\repository\junit\junit\junit\junit-junit.jar;C:\Users\maxna\.m2\repository\libsumo-1\18\0\libsumo-1.18.0\libsumo-1.18.0\libsumo-1.18.0-libsumo-1.18.0.jar;C:\Users\maxna\.m2\repository\libsumo-1\18\0-sources\libsumo-1.18.0-sources\libsumo-1.18.0-sources\libsumo-1.18.0-sources-libsumo-1.18.0-sources.jar;C:\Users\maxna\.m2\repository\libtraci-1\18\0\libtraci-1.18.0\libtraci-1.18.0\libtraci-1.18.0-libtraci-1.18.0.jar;C:\Users\maxna\.m2\repository\lisum-core\lisum-core\lisum-core\lisum-core-lisum-core.jar;C:\Users\maxna\.m2\repository\lisum-gui\lisum-gui\lisum-gui\lisum-gui-lisum-gui.jar;C:\Users\maxna\.m2\repository\TraaS\TraaS\TraaS\TraaS-TraaS.jar;C:\Users\maxna\.m2\repository\org\python\jython-slim\2.7.3\jython-slim-2.7.3.jar;C:\Users\maxna\.m2\repository\org\antlr\antlr\3.5.2\antlr-3.5.2.jar;C:\Users\maxna\.m2\repository\org\antlr\ST4\4.0.8\ST4-4.0.8.jar;C:\Users\maxna\.m2\repository\javax\servlet\javax.servlet-api\3.1.0\javax.servlet-api-3.1.0.jar;C:\Users\maxna\.m2\repository\org\antlr\antlr-runtime\3.5.2\antlr-runtime-3.5.2.jar;C:\Users\maxna\.m2\repository\org\apache\commons\commons-compress\1.21\commons-compress-1.21.jar;C:\Users\maxna\.m2\repository\org\bouncycastle\bcpkix-jdk18on\1.71\bcpkix-jdk18on-1.71.jar;C:\Users\maxna\.m2\repository\org\bouncycastle\bcutil-jdk18on\1.71\bcutil-jdk18on-1.71.jar;C:\Users\maxna\.m2\repository\org\bouncycastle\bcprov-jdk18on\1.71\bcprov-jdk18on-1.71.jar;C:\Users\maxna\.m2\repository\org\ow2\asm\asm\9.3\asm-9.3.jar;C:\Users\maxna\.m2\repository\org\ow2\asm\asm-commons\9.3\asm-commons-9.3.jar;C:\Users\maxna\.m2\repository\org\ow2\asm\asm-tree\9.3\asm-tree-9.3.jar;C:\Users\maxna\.m2\repository\org\ow2\asm\asm-analysis\9.3\asm-analysis-9.3.jar;C:\Users\maxna\.m2\repository\org\ow2\asm\asm-util\9.3\asm-util-9.3.jar;C:\Users\maxna\.m2\repository\com\google\guava\guava\31.0.1-jre\guava-31.0.1-jre.jar;C:\Users\maxna\.m2\repository\com\google\guava\failureaccess\1.0.1\failureaccess-1.0.1.jar;C:\Users\maxna\.m2\repository\com\google\guava\listenablefuture\9999.0-empty-to-avoid-conflict-with-guava\listenablefuture-9999.0-empty-to-avoid-conflict-with-guava.jar;C:\Users\maxna\.m2\repository\com\google\code\findbugs\jsr305\3.0.2\jsr305-3.0.2.jar;C:\Users\maxna\.m2\repository\org\checkerframework\checker-qual\3.12.0\checker-qual-3.12.0.jar;C:\Users\maxna\.m2\repository\com\google\errorprone\error_prone_annotations\2.7.1\error_prone_annotations-2.7.1.jar;C:\Users\maxna\.m2\repository\com\google\j2objc\j2objc-annotations\1.3\j2objc-annotations-1.3.jar;C:\Users\maxna\.m2\repository\com\ibm\icu\icu4j\71.1\icu4j-71.1.jar;C:\Users\maxna\.m2\repository\com\carrotsearch\java-sizeof\0.0.5\java-sizeof-0.0.5.jar;C:\Users\maxna\.m2\repository\com\github\jnr\jffi\1.3.9\jffi-1.3.9.jar;C:\Users\maxna\.m2\repository\com\github\jnr\jnr-constants\0.10.3\jnr-constants-0.10.3.jar;C:\Users\maxna\.m2\repository\com\github\jnr\jnr-ffi\2.2.12\jnr-ffi-2.2.12.jar;C:\Users\maxna\.m2\repository\com\github\jnr\jffi\1.3.9\jffi-1.3.9-native.jar;C:\Users\maxna\.m2\repository\com\github\jnr\jnr-a64asm\1.0.0\jnr-a64asm-1.0.0.jar;C:\Users\maxna\.m2\repository\com\github\jnr\jnr-x86asm\1.0.2\jnr-x86asm-1.0.2.jar;C:\Users\maxna\.m2\repository\com\github\jnr\jnr-netdb\1.2.0\jnr-netdb-1.2.0.jar;C:\Users\maxna\.m2\repository\com\github\jnr\jnr-posix\3.1.15\jnr-posix-3.1.15.jar;C:\Users\maxna\.m2\repository\jline\jline\2.14.5\jline-2.14.5.jar;C:\Users\maxna\.m2\repository\io\netty\netty-buffer\4.1.73.Final\netty-buffer-4.1.73.Final.jar;C:\Users\maxna\.m2\repository\io\netty\netty-codec\4.1.73.Final\netty-codec-4.1.73.Final.jar;C:\Users\maxna\.m2\repository\io\netty\netty-common\4.1.73.Final\netty-common-4.1.73.Final.jar;C:\Users\maxna\.m2\repository\io\netty\netty-handler\4.1.73.Final\netty-handler-4.1.73.Final.jar;C:\Users\maxna\.m2\repository\io\netty\netty-tcnative-classes\2.0.46.Final\netty-tcnative-classes-2.0.46.Final.jar;C:\Users\maxna\.m2\repository\io\netty\netty-resolver\4.1.73.Final\netty-resolver-4.1.73.Final.jar;C:\Users\maxna\.m2\repository\io\netty\netty-transport\4.1.73.Final\netty-transport-4.1.73.Final.jar;C:\Users\maxna\.m2\repository\org\apache\ant\ant\1.10.12\ant-1.10.12.jar;C:\Users\maxna\.m2\repository\org\apache\ant\ant-launcher\1.10.12\ant-launcher-1.10.12.jar;C:\Users\maxna\.m2\repository\com\google\code\gson\gson\2.8.9\gson-2.8.9.jar;C:\Users\maxna\.m2\repository\org\json\json\20231013\json-20231013.jar;C:\Users\maxna\.m2\repository\org\jasypt\jasypt\1.9.3\jasypt-1.9.3.jar;"/>
    <property name="sun.cpu.endian" value="little"/>
    <property name="user.home" value="C:\Users\maxna"/>
    <property name="user.language" value="pt"/>
    <property name="java.specification.vendor" value="Oracle Corporation"/>
    <property name="java.version.date" value="2023-09-19"/>
    <property name="java.home" value="C:\Program Files\Java\jdk-21"/>
    <property name="file.separator" value="\"/>
    <property name="basedir" value="B:\UFLA\Matérias\Matérias_2023_02_FINAL\Automação Avançada\sim"/>
    <property name="java.vm.compressedOopsMode" value="32-bit"/>
    <property name="line.separator" value="&#10;"/>
    <property name="java.vm.specification.vendor" value="Oracle Corporation"/>
    <property name="java.specification.name" value="Java Platform API Specification"/>
    <property name="surefire.real.class.path" value="C:\Users\maxna\AppData\Local\Temp\surefire16674294218270261726\surefirebooter15585190633894889574.jar"/>
    <property name="user.script" value=""/>
    <property name="sun.management.compiler" value="HotSpot 64-Bit Tiered Compilers"/>
    <property name="java.runtime.version" value="21+35-LTS-2513"/>
    <property name="user.name" value="maxna"/>
    <property name="stdout.encoding" value="Cp1252"/>
    <property name="path.separator" value=";"/>
    <property name="os.version" value="10.0"/>
    <property name="java.runtime.name" value="Java(TM) SE Runtime Environment"/>
    <property name="file.encoding" value="UTF-8"/>
    <property name="java.vm.name" value="Java HotSpot(TM) 64-Bit Server VM"/>
    <property name="localRepository" value="C:\Users\maxna\.m2\repository"/>
    <property name="java.vendor.url.bug" value="https://bugreport.java.com/bugreport/"/>
    <property name="java.io.tmpdir" value="C:\Users\maxna\AppData\Local\Temp\"/>
    <property name="java.version" value="21"/>
    <property name="user.dir" value="B:\UFLA\Matérias\Matérias_2023_02_FINAL\Automação Avançada\sim"/>
    <property name="os.arch" value="amd64"/>
    <property name="java.vm.specification.name" value="Java Virtual Machine Specification"/>
    <property name="sun.os.patch.level" value=""/>
    <property name="native.encoding" value="Cp1252"/>
    <property name="java.library.path" value="C:\Program Files\Java\jdk-21\bin;C:\WINDOWS\Sun\Java\bin;C:\WINDOWS\system32;C:\WINDOWS;C:\Program Files\WindowsApps\Microsoft.PowerShell_7.3.8.0_x64__8wekyb3d8bbwe;C:\Program Files\Common Files\Oracle\Java\javapath;C:\Program Files\Eclipse Adoptium\jdk-17.0.8.101-hotspot\bin;C:\Program Files (x86)\Common Files\Oracle\Java\javapath;C:\Program Files\Python38\Scripts\;C:\Program Files\Python38\;B:\Programas\bin;C:\Windows\system32;C:\Windows;C:\Windows\System32\Wbem;C:\Windows\System32\WindowsPowerShell\v1.0\;C:\Windows\System32\OpenSSH\;C:\Program Files\NVIDIA Corporation\NVIDIA NvDLISR;C:\Program Files (x86)\NVIDIA Corporation\PhysX\Common;C:\MinGW\bin;B:\Programas\Microsoft VS Code\bin;B:\Programas\Git\cmd;B:\Programas\jdk\bin;B:\Programas\;C:\WINDOWS\system32;C:\WINDOWS;C:\WINDOWS\System32\Wbem;C:\WINDOWS\System32\WindowsPowerShell\v1.0\;C:\WINDOWS\System32\OpenSSH\;C:\Program Files\dotnet\;B:\Arquivos_de_programas\OpenCV\opencv\build\x64\vc15\bin;B:\Arquivos_de_programas\OpenCV\opencv\build\x64\vc15\lib;C:\Program Files\CMake\bin;B:\Arquivos_de_programas\MinGW\64_bits\MinGW.org\bin;B:\Arquivos_de_programas\MinGW\64_bits\MinGW_8.1.0\mingw64\bin;b:\programas\altera\90sp2\quartus\bin;B:\Programas\Matlab_programa\Polyspace\R2020a\runtime\win64;B:\Programas\Matlab_programa\Polyspace\R2020a\bin;B:\Programas\Matlab_programa\Polyspace\R2020a\polyspace\bin;B:\Programas\tortoise\bin;C:\Users\maxna\AppData\Local\Packages\PythonSoftwareFoundation.Python.3.9_qbz5n2kfra8p0\LocalCache\local-packages\Python39\Scripts;B:\Programas\Eclipse_SUMO\bin\;B:\Programas\Eclipse_SUMO\tools\;B:\apache-maven-3.9.4-bin\apache-maven-3.9.4\bin;C:\Program Files\Java\jre-1.8\bin;C:\Program Files\Java\jdk-21\bin;C:\Program Files\Java\jdk-21\bin;C:\Program Files\Java\jre1.8.0_321\bin;C:\Users\maxna\scoop\apps\postgresql\current\bin;C:\Users\maxna\scoop\shims;C:\Users\maxna\AppData\Local\Microsoft\WindowsApps;C:\MinGW\bin;C:\Users\maxna\AppData\Local\GitHubDesktop\bin;B:\Programas\jdk\bin;C:\Program Files\Java\jdk-11.0.13\bin;B:\Arquivos_de_programas\MinGW\64_bits\MinGW.org\bin;C:\Users\maxna\AppData\Local\Microsoft\WindowsApps;B:\UFLA\Estágio\bootcamp enacom\Bootcamp-ENACOM-Max-Deivid-do-Nascimetno\glpk\glpk-4.65\w64;C:\Users\maxna\AppData\Local\Programs\Microsoft VS Code\bin;."/>
    <property name="java.vm.info" value="mixed mode, sharing"/>
    <property name="stderr.encoding" value="Cp1252"/>
    <property name="java.vendor" value="Oracle Corporation"/>
    <property name="java.vm.version" value="21+35-LTS-2513"/>
    <property name="sun.io.unicode.encoding" value="UnicodeLittle"/>
    <property name="java.class.version" value="65.0"/>
  </properties>
</testsuite>